  MxArray.cpp
c:\mexopencv\src\mxarray.cpp(172): warning C4267: 'initializing': conversion from 'size_t' to 'int', possible loss of data
c:\mexopencv\src\mxarray.cpp(352): warning C4267: 'initializing': conversion from 'size_t' to 'int', possible loss of data
c:\mexopencv\src\mxarray.cpp(381): warning C4267: 'argument': conversion from 'size_t' to 'int', possible loss of data
c:\mexopencv\src\mxarray.cpp(399): warning C4267: 'initializing': conversion from 'size_t' to 'int', possible loss of data
c:\mexopencv\src\mxarray.cpp(409): warning C4267: 'argument': conversion from 'size_t' to 'int', possible loss of data
c:\mexopencv\src\mxarray.cpp(439): warning C4244: 'argument': conversion from 'double' to 'float', possible loss of data
c:\mexopencv\src\mxarray.cpp(449): warning C4244: 'argument': conversion from 'double' to 'float', possible loss of data
c:\mexopencv\src\mxarray.cpp(546): warning C4267: 'initializing': conversion from 'size_t' to 'int', possible loss of data
c:\mexopencv\src\mxarray.cpp(599): warning C4267: 'initializing': conversion from 'size_t' to 'int', possible loss of data
c:\mexopencv\src\mxarray.cpp(617): warning C4267: 'initializing': conversion from 'size_t' to 'int', possible loss of data
c:\mexopencv\include\mxarray.hpp(813): warning C4267: 'initializing': conversion from 'size_t' to 'int', possible loss of data
  c:\mexopencv\include\mxarray.hpp(443): note: see reference to function template instantiation 'cv::Scalar_<double> MxArray::toScalar_<double>(void) const' being compiled
c:\program files (x86)\microsoft visual studio 14.0\vc\include\xutility(2372): warning C4996: 'std::copy::_Unchecked_iterators::_Deprecate': Call to 'std::copy' with parameters that may be unsafe - this call relies on the caller to check that the passed values are correct. To disable this warning, use -D_SCL_SECURE_NO_WARNINGS. See documentation on how to use Visual C++ 'Checked Iterators'
  c:\program files (x86)\microsoft visual studio 14.0\vc\include\xutility(2372): note: see declaration of 'std::copy::_Unchecked_iterators::_Deprecate'
  c:\mexopencv\src\mxarray.cpp(238): note: see reference to function template instantiation '_OutIt std::copy<std::_Vector_const_iterator<std::_Vector_val<std::_Simple_types<char>>>,mxChar*>(_InIt,_InIt,_OutIt)' being compiled
          with
          [
              _OutIt=mxChar *,
              _InIt=std::_Vector_const_iterator<std::_Vector_val<std::_Simple_types<char>>>
          ]
c:\mexopencv\include\mxarray.hpp(862): warning C4800: 'mxChar': forcing value to bool 'true' or 'false' (performance warning)
  c:\mexopencv\src\mxarray.cpp(335): note: see reference to function template instantiation 'T MxArray::at<bool>(std::mwIndex) const' being compiled
          with
          [
              T=bool
          ]
c:\mexopencv\include\mxarray.hpp(864): warning C4800: 'double': forcing value to bool 'true' or 'false' (performance warning)
c:\mexopencv\include\mxarray.hpp(867): warning C4800: 'int8_t': forcing value to bool 'true' or 'false' (performance warning)
c:\mexopencv\include\mxarray.hpp(870): warning C4800: 'uint8_t': forcing value to bool 'true' or 'false' (performance warning)
c:\mexopencv\include\mxarray.hpp(873): warning C4800: 'int16_t': forcing value to bool 'true' or 'false' (performance warning)
c:\mexopencv\include\mxarray.hpp(876): warning C4800: 'uint16_t': forcing value to bool 'true' or 'false' (performance warning)
c:\mexopencv\include\mxarray.hpp(879): warning C4800: 'int32_t': forcing value to bool 'true' or 'false' (performance warning)
c:\mexopencv\include\mxarray.hpp(882): warning C4800: 'uint32_t': forcing value to bool 'true' or 'false' (performance warning)
c:\mexopencv\include\mxarray.hpp(885): warning C4800: 'int64_t': forcing value to bool 'true' or 'false' (performance warning)
c:\mexopencv\include\mxarray.hpp(888): warning C4800: 'uint64_t': forcing value to bool 'true' or 'false' (performance warning)
c:\mexopencv\include\mxarray.hpp(891): warning C4800: 'float': forcing value to bool 'true' or 'false' (performance warning)
c:\program files (x86)\microsoft visual studio 14.0\vc\include\xmemory0(737): warning C4267: 'initializing': conversion from 'size_t' to 'int', possible loss of data
  c:\program files (x86)\microsoft visual studio 14.0\vc\include\xmemory0(857): note: see reference to function template instantiation 'void std::allocator<_Ty>::construct<_Objty,const unsigned __int64&>(_Objty *,const unsigned __int64 &)' being compiled
          with
          [
              _Ty=int,
              _Objty=int
          ]
  c:\program files (x86)\microsoft visual studio 14.0\vc\include\xmemory0(857): note: see reference to function template instantiation 'void std::allocator<_Ty>::construct<_Objty,const unsigned __int64&>(_Objty *,const unsigned __int64 &)' being compiled
          with
          [
              _Ty=int,
              _Objty=int
          ]
  c:\program files (x86)\microsoft visual studio 14.0\vc\include\xmemory0(996): note: see reference to function template instantiation 'void std::allocator_traits<_Alloc>::construct<_Ty,const unsigned __int64&>(std::allocator<_Ty> &,_Objty *,const unsigned __int64 &)' being compiled
          with
          [
              _Alloc=std::allocator<int>,
              _Ty=int,
              _Objty=int
          ]
  c:\program files (x86)\microsoft visual studio 14.0\vc\include\xmemory0(995): note: see reference to function template instantiation 'void std::allocator_traits<_Alloc>::construct<_Ty,const unsigned __int64&>(std::allocator<_Ty> &,_Objty *,const unsigned __int64 &)' being compiled
          with
          [
              _Alloc=std::allocator<int>,
              _Ty=int,
              _Objty=int
          ]
  c:\program files (x86)\microsoft visual studio 14.0\vc\include\xmemory(225): note: see reference to function template instantiation 'void std::_Wrap_alloc<std::allocator<_Ty>>::construct<_Ty,const mwSize&>(_Ty *,const mwSize &)' being compiled
          with
          [
              _Ty=int
          ]
  c:\program files (x86)\microsoft visual studio 14.0\vc\include\xmemory(225): note: see reference to function template instantiation 'void std::_Wrap_alloc<std::allocator<_Ty>>::construct<_Ty,const mwSize&>(_Ty *,const mwSize &)' being compiled
          with
          [
              _Ty=int
          ]
  c:\program files (x86)\microsoft visual studio 14.0\vc\include\xmemory(251): note: see reference to function template instantiation '_FwdIt *std::_Uninitialized_copy_al_unchecked1<_InIt,_FwdIt,std::allocator<_Ty>>(_InIt,_InIt,_FwdIt,std::_Wrap_alloc<std::allocator<_Ty>> &,std::_General_ptr_iterator_tag,std::_Any_tag)' being compiled
          with
          [
              _FwdIt=int *,
              _InIt=const mwSize *,
              _Ty=int
          ]
  c:\program files (x86)\microsoft visual studio 14.0\vc\include\xmemory(264): note: see reference to function template instantiation '_FwdIt *std::_Uninitialized_copy_al_unchecked<_Iter,int*,std::allocator<_Ty>>(_InIt,_InIt,_FwdIt,std::_Wrap_alloc<std::allocator<_Ty>> &)' being compiled
          with
          [
              _FwdIt=int *,
              _Iter=const mwSize *,
              _Ty=int,
              _InIt=const mwSize *
          ]
  c:\program files (x86)\microsoft visual studio 14.0\vc\include\vector(1653): note: see reference to function template instantiation '_FwdIt *std::_Uninitialized_copy<_Iter,int*,std::allocator<_Ty>>(_InIt,_InIt,_FwdIt,std::_Wrap_alloc<std::allocator<_Ty>> &)' being compiled
          with
          [
              _FwdIt=int *,
              _Iter=const mwSize *,
              _Ty=int,
              _InIt=const mwSize *
          ]
  c:\program files (x86)\microsoft visual studio 14.0\vc\include\vector(818): note: see reference to function template instantiation 'int *std::vector<int,std::allocator<_Ty>>::_Ucopy<_Iter>(_Iter,_Iter,int *)' being compiled
          with
          [
              _Ty=int,
              _Iter=const mwSize *
          ]
  c:\program files (x86)\microsoft visual studio 14.0\vc\include\vector(818): note: see reference to function template instantiation 'int *std::vector<int,std::allocator<_Ty>>::_Ucopy<_Iter>(_Iter,_Iter,int *)' being compiled
          with
          [
              _Ty=int,
              _Iter=const mwSize *
          ]
  c:\program files (x86)\microsoft visual studio 14.0\vc\include\vector(793): note: see reference to function template instantiation 'void std::vector<int,std::allocator<_Ty>>::_Construct<_Iter>(_Iter,_Iter,std::forward_iterator_tag)' being compiled
          with
          [
              _Ty=int,
              _Iter=const mwSize *
          ]
  c:\program files (x86)\microsoft visual studio 14.0\vc\include\vector(793): note: see reference to function template instantiation 'void std::vector<int,std::allocator<_Ty>>::_Construct<_Iter>(_Iter,_Iter,std::forward_iterator_tag)' being compiled
          with
          [
              _Ty=int,
              _Iter=const mwSize *
          ]
  c:\program files (x86)\microsoft visual studio 14.0\vc\include\vector(778): note: see reference to function template instantiation 'void std::vector<int,std::allocator<_Ty>>::_Construct<_Iter>(_Iter,_Iter)' being compiled
          with
          [
              _Ty=int,
              _Iter=const mwSize *
          ]
  c:\program files (x86)\microsoft visual studio 14.0\vc\include\vector(778): note: see reference to function template instantiation 'void std::vector<int,std::allocator<_Ty>>::_Construct<_Iter>(_Iter,_Iter)' being compiled
          with
          [
              _Ty=int,
              _Iter=const mwSize *
          ]
  c:\mexopencv\src\mxarray.cpp(351): note: see reference to function template instantiation 'std::vector<int,std::allocator<_Ty>>::vector<const mwSize*,void>(_Iter,_Iter)' being compiled
          with
          [
              _Ty=int,
              _Iter=const mwSize *
          ]
  c:\mexopencv\src\mxarray.cpp(351): note: see reference to function template instantiation 'std::vector<int,std::allocator<_Ty>>::vector<const mwSize*,void>(_Iter,_Iter)' being compiled
          with
          [
              _Ty=int,
              _Iter=const mwSize *
          ]
     Creating library D:\Fakulteta za Elektrotehniko\PKP 2017\Koda\VS2012_implementation\USV\x64\Debug\USV.lib and object D:\Fakulteta za Elektrotehniko\PKP 2017\Koda\VS2012_implementation\USV\x64\Debug\USV.exp
  USV.vcxproj -> D:\Fakulteta za Elektrotehniko\PKP 2017\Koda\VS2012_implementation\USV\x64\Debug\USV.mexw64
  USV.vcxproj -> D:\Fakulteta za Elektrotehniko\PKP 2017\Koda\VS2012_implementation\USV\x64\Debug\USV.pdb (Full PDB)
