B:\FAKS\3. LETNIK\LADJICA\VS2012_SOLUTIONS\USV\USV\X64\DEBUG\DUALMRF_CUSTOM.OBJ
B:\FAKS\3. LETNIK\LADJICA\VS2012_SOLUTIONS\USV\USV\X64\DEBUG\INTRODUCTION_WINDOWS_VS.OBJ
B:\FAKS\3. LETNIK\LADJICA\VS2012_SOLUTIONS\USV\USV\X64\DEBUG\VC110.PDB
B:\FAKS\3. LETNIK\LADJICA\VS2012_SOLUTIONS\USV\X64\DEBUG\USV.ILK
B:\FAKS\3. LETNIK\LADJICA\VS2012_SOLUTIONS\USV\X64\DEBUG\USV.MEXW64
B:\FAKS\3. LETNIK\LADJICA\VS2012_SOLUTIONS\USV\X64\DEBUG\USV.PDB
B:\Faks\3. letnik\Ladjica\VS2012_solutions\USV\x64\Debug\USV.lib
B:\Faks\3. letnik\Ladjica\VS2012_solutions\USV\x64\Debug\USV.exp
B:\Faks\3. letnik\Ladjica\VS2012_solutions\USV\USV\x64\Debug\dualmrf_custom.obj
B:\Faks\3. letnik\Ladjica\VS2012_solutions\USV\USV\x64\Debug\introduction_windows_vs.obj
B:\Faks\3. letnik\Ladjica\VS2012_solutions\USV\USV\x64\Debug\cl.command.1.tlog
B:\Faks\3. letnik\Ladjica\VS2012_solutions\USV\USV\x64\Debug\CL.read.1.tlog
B:\Faks\3. letnik\Ladjica\VS2012_solutions\USV\USV\x64\Debug\CL.write.1.tlog
B:\Faks\3. letnik\Ladjica\VS2012_solutions\USV\USV\x64\Debug\link-cvtres.read.1.tlog
B:\Faks\3. letnik\Ladjica\VS2012_solutions\USV\USV\x64\Debug\link-cvtres.write.1.tlog
B:\Faks\3. letnik\Ladjica\VS2012_solutions\USV\USV\x64\Debug\link-rc.read.1.tlog
B:\Faks\3. letnik\Ladjica\VS2012_solutions\USV\USV\x64\Debug\link-rc.write.1.tlog
B:\Faks\3. letnik\Ladjica\VS2012_solutions\USV\USV\x64\Debug\link.4876-cvtres.read.1.tlog
B:\Faks\3. letnik\Ladjica\VS2012_solutions\USV\USV\x64\Debug\link.4876-cvtres.write.1.tlog
B:\Faks\3. letnik\Ladjica\VS2012_solutions\USV\USV\x64\Debug\link.4876-rc.read.1.tlog
B:\Faks\3. letnik\Ladjica\VS2012_solutions\USV\USV\x64\Debug\link.4876-rc.write.1.tlog
B:\Faks\3. letnik\Ladjica\VS2012_solutions\USV\USV\x64\Debug\link.4876.read.1.tlog
B:\Faks\3. letnik\Ladjica\VS2012_solutions\USV\USV\x64\Debug\link.4876.write.1.tlog
B:\Faks\3. letnik\Ladjica\VS2012_solutions\USV\USV\x64\Debug\link.command.1.tlog
B:\Faks\3. letnik\Ladjica\VS2012_solutions\USV\USV\x64\Debug\link.read.1.tlog
B:\Faks\3. letnik\Ladjica\VS2012_solutions\USV\USV\x64\Debug\link.write.1.tlog
B:\Faks\3. letnik\Ladjica\VS2012_solutions\USV\USV\x64\Debug\USV.write.1.tlog
B:\Faks\3. letnik\Ladjica\VS2012_solutions\USV\USV\x64\Debug\vc110.idb
B:\Faks\3. letnik\Ladjica\VS2012_solutions\USV\USV\x64\Debug\vc110.pdb
B:\Faks\3. letnik\Ladjica\VS2012_solutions\USV\x64\Debug\USV.pdb
B:\Faks\3. letnik\Ladjica\VS2012_solutions\USV\x64\Debug\USV.mexw64
B:\Faks\3. letnik\Ladjica\VS2012_solutions\USV\x64\Debug\USV.ilk
