b:\faks\3. letnik\ladjica\vs2012_solutions\usv\usv\x64\debug\dualmrf_custom.obj
b:\faks\3. letnik\ladjica\vs2012_solutions\usv\usv\x64\debug\introduction_windows_vs.obj
b:\faks\3. letnik\ladjica\vs2012_solutions\usv\usv\x64\debug\vc110.pdb
b:\faks\3. letnik\ladjica\vs2012_solutions\usv\usv\x64\debug\normpdf_custom.obj
b:\faks\3. letnik\ladjica\vs2012_solutions\usv\x64\debug\usv.ilk
b:\faks\3. letnik\ladjica\vs2012_solutions\usv\x64\debug\usv.mexw64
b:\faks\3. letnik\ladjica\vs2012_solutions\usv\x64\debug\usv.pdb
b:\faks\3. letnik\ladjica\vs2012_solutions\usv\x64\debug\usv.lib
b:\faks\3. letnik\ladjica\vs2012_solutions\usv\x64\debug\usv.exp
d:\fakulteta za elektrotehniko\pkp 2017\koda\vs2012_implementation\usv\usv\x64\debug\vc140.pdb
d:\fakulteta za elektrotehniko\pkp 2017\koda\vs2012_implementation\usv\usv\x64\debug\vc140.idb
d:\fakulteta za elektrotehniko\pkp 2017\koda\vs2012_implementation\usv\usv\x64\debug\dualmrf_custom.obj
d:\fakulteta za elektrotehniko\pkp 2017\koda\vs2012_implementation\usv\usv\x64\debug\introduction_windows_vs.obj
d:\fakulteta za elektrotehniko\pkp 2017\koda\vs2012_implementation\usv\usv\x64\debug\normpdf_custom.obj
d:\fakulteta za elektrotehniko\pkp 2017\koda\vs2012_implementation\usv\usv\x64\debug\cl.command.1.tlog
d:\fakulteta za elektrotehniko\pkp 2017\koda\vs2012_implementation\usv\usv\x64\debug\cl.read.1.tlog
d:\fakulteta za elektrotehniko\pkp 2017\koda\vs2012_implementation\usv\usv\x64\debug\cl.write.1.tlog
d:\fakulteta za elektrotehniko\pkp 2017\koda\vs2012_implementation\usv\usv\x64\debug\link-cvtres.read.1.tlog
d:\fakulteta za elektrotehniko\pkp 2017\koda\vs2012_implementation\usv\usv\x64\debug\link-cvtres.write.1.tlog
d:\fakulteta za elektrotehniko\pkp 2017\koda\vs2012_implementation\usv\usv\x64\debug\link-rc.read.1.tlog
d:\fakulteta za elektrotehniko\pkp 2017\koda\vs2012_implementation\usv\usv\x64\debug\link-rc.write.1.tlog
d:\fakulteta za elektrotehniko\pkp 2017\koda\vs2012_implementation\usv\usv\x64\debug\link.3220-cvtres.read.1.tlog
d:\fakulteta za elektrotehniko\pkp 2017\koda\vs2012_implementation\usv\usv\x64\debug\link.3220-cvtres.write.1.tlog
d:\fakulteta za elektrotehniko\pkp 2017\koda\vs2012_implementation\usv\usv\x64\debug\link.3220-rc.read.1.tlog
d:\fakulteta za elektrotehniko\pkp 2017\koda\vs2012_implementation\usv\usv\x64\debug\link.3220-rc.write.1.tlog
d:\fakulteta za elektrotehniko\pkp 2017\koda\vs2012_implementation\usv\usv\x64\debug\link.3220.read.1.tlog
d:\fakulteta za elektrotehniko\pkp 2017\koda\vs2012_implementation\usv\usv\x64\debug\link.3220.write.1.tlog
d:\fakulteta za elektrotehniko\pkp 2017\koda\vs2012_implementation\usv\usv\x64\debug\link.3364-cvtres.read.1.tlog
d:\fakulteta za elektrotehniko\pkp 2017\koda\vs2012_implementation\usv\usv\x64\debug\link.3364-cvtres.write.1.tlog
d:\fakulteta za elektrotehniko\pkp 2017\koda\vs2012_implementation\usv\usv\x64\debug\link.3364-rc.read.1.tlog
d:\fakulteta za elektrotehniko\pkp 2017\koda\vs2012_implementation\usv\usv\x64\debug\link.3364-rc.write.1.tlog
d:\fakulteta za elektrotehniko\pkp 2017\koda\vs2012_implementation\usv\usv\x64\debug\link.3364.read.1.tlog
d:\fakulteta za elektrotehniko\pkp 2017\koda\vs2012_implementation\usv\usv\x64\debug\link.3364.write.1.tlog
d:\fakulteta za elektrotehniko\pkp 2017\koda\vs2012_implementation\usv\usv\x64\debug\link.3508-cvtres.read.1.tlog
d:\fakulteta za elektrotehniko\pkp 2017\koda\vs2012_implementation\usv\usv\x64\debug\link.3508-cvtres.write.1.tlog
d:\fakulteta za elektrotehniko\pkp 2017\koda\vs2012_implementation\usv\usv\x64\debug\link.3508-rc.read.1.tlog
d:\fakulteta za elektrotehniko\pkp 2017\koda\vs2012_implementation\usv\usv\x64\debug\link.3508-rc.write.1.tlog
d:\fakulteta za elektrotehniko\pkp 2017\koda\vs2012_implementation\usv\usv\x64\debug\link.3508.read.1.tlog
d:\fakulteta za elektrotehniko\pkp 2017\koda\vs2012_implementation\usv\usv\x64\debug\link.3508.write.1.tlog
d:\fakulteta za elektrotehniko\pkp 2017\koda\vs2012_implementation\usv\usv\x64\debug\link.4344-cvtres.read.1.tlog
d:\fakulteta za elektrotehniko\pkp 2017\koda\vs2012_implementation\usv\usv\x64\debug\link.4344-cvtres.write.1.tlog
d:\fakulteta za elektrotehniko\pkp 2017\koda\vs2012_implementation\usv\usv\x64\debug\link.4344-rc.read.1.tlog
d:\fakulteta za elektrotehniko\pkp 2017\koda\vs2012_implementation\usv\usv\x64\debug\link.4344-rc.write.1.tlog
d:\fakulteta za elektrotehniko\pkp 2017\koda\vs2012_implementation\usv\usv\x64\debug\link.4344.read.1.tlog
d:\fakulteta za elektrotehniko\pkp 2017\koda\vs2012_implementation\usv\usv\x64\debug\link.4344.write.1.tlog
d:\fakulteta za elektrotehniko\pkp 2017\koda\vs2012_implementation\usv\usv\x64\debug\link.4728-cvtres.read.1.tlog
d:\fakulteta za elektrotehniko\pkp 2017\koda\vs2012_implementation\usv\usv\x64\debug\link.4728-cvtres.write.1.tlog
d:\fakulteta za elektrotehniko\pkp 2017\koda\vs2012_implementation\usv\usv\x64\debug\link.4728-rc.read.1.tlog
d:\fakulteta za elektrotehniko\pkp 2017\koda\vs2012_implementation\usv\usv\x64\debug\link.4728-rc.write.1.tlog
d:\fakulteta za elektrotehniko\pkp 2017\koda\vs2012_implementation\usv\usv\x64\debug\link.4728.read.1.tlog
d:\fakulteta za elektrotehniko\pkp 2017\koda\vs2012_implementation\usv\usv\x64\debug\link.4728.write.1.tlog
d:\fakulteta za elektrotehniko\pkp 2017\koda\vs2012_implementation\usv\usv\x64\debug\link.4756-cvtres.read.1.tlog
d:\fakulteta za elektrotehniko\pkp 2017\koda\vs2012_implementation\usv\usv\x64\debug\link.4756-cvtres.write.1.tlog
d:\fakulteta za elektrotehniko\pkp 2017\koda\vs2012_implementation\usv\usv\x64\debug\link.4756-rc.read.1.tlog
d:\fakulteta za elektrotehniko\pkp 2017\koda\vs2012_implementation\usv\usv\x64\debug\link.4756-rc.write.1.tlog
d:\fakulteta za elektrotehniko\pkp 2017\koda\vs2012_implementation\usv\usv\x64\debug\link.4756.read.1.tlog
d:\fakulteta za elektrotehniko\pkp 2017\koda\vs2012_implementation\usv\usv\x64\debug\link.4756.write.1.tlog
d:\fakulteta za elektrotehniko\pkp 2017\koda\vs2012_implementation\usv\usv\x64\debug\link.5256-cvtres.read.1.tlog
d:\fakulteta za elektrotehniko\pkp 2017\koda\vs2012_implementation\usv\usv\x64\debug\link.5256-cvtres.write.1.tlog
d:\fakulteta za elektrotehniko\pkp 2017\koda\vs2012_implementation\usv\usv\x64\debug\link.5256-rc.read.1.tlog
d:\fakulteta za elektrotehniko\pkp 2017\koda\vs2012_implementation\usv\usv\x64\debug\link.5256-rc.write.1.tlog
d:\fakulteta za elektrotehniko\pkp 2017\koda\vs2012_implementation\usv\usv\x64\debug\link.5256.read.1.tlog
d:\fakulteta za elektrotehniko\pkp 2017\koda\vs2012_implementation\usv\usv\x64\debug\link.5256.write.1.tlog
d:\fakulteta za elektrotehniko\pkp 2017\koda\vs2012_implementation\usv\usv\x64\debug\link.5768-cvtres.read.1.tlog
d:\fakulteta za elektrotehniko\pkp 2017\koda\vs2012_implementation\usv\usv\x64\debug\link.5768-cvtres.write.1.tlog
d:\fakulteta za elektrotehniko\pkp 2017\koda\vs2012_implementation\usv\usv\x64\debug\link.5768-rc.read.1.tlog
d:\fakulteta za elektrotehniko\pkp 2017\koda\vs2012_implementation\usv\usv\x64\debug\link.5768-rc.write.1.tlog
d:\fakulteta za elektrotehniko\pkp 2017\koda\vs2012_implementation\usv\usv\x64\debug\link.5768.read.1.tlog
d:\fakulteta za elektrotehniko\pkp 2017\koda\vs2012_implementation\usv\usv\x64\debug\link.5768.write.1.tlog
d:\fakulteta za elektrotehniko\pkp 2017\koda\vs2012_implementation\usv\usv\x64\debug\link.6356-cvtres.read.1.tlog
d:\fakulteta za elektrotehniko\pkp 2017\koda\vs2012_implementation\usv\usv\x64\debug\link.6356-cvtres.write.1.tlog
d:\fakulteta za elektrotehniko\pkp 2017\koda\vs2012_implementation\usv\usv\x64\debug\link.6356-rc.read.1.tlog
d:\fakulteta za elektrotehniko\pkp 2017\koda\vs2012_implementation\usv\usv\x64\debug\link.6356-rc.write.1.tlog
d:\fakulteta za elektrotehniko\pkp 2017\koda\vs2012_implementation\usv\usv\x64\debug\link.6356.read.1.tlog
d:\fakulteta za elektrotehniko\pkp 2017\koda\vs2012_implementation\usv\usv\x64\debug\link.6356.write.1.tlog
d:\fakulteta za elektrotehniko\pkp 2017\koda\vs2012_implementation\usv\usv\x64\debug\link.6564-cvtres.read.1.tlog
d:\fakulteta za elektrotehniko\pkp 2017\koda\vs2012_implementation\usv\usv\x64\debug\link.6564-cvtres.write.1.tlog
d:\fakulteta za elektrotehniko\pkp 2017\koda\vs2012_implementation\usv\usv\x64\debug\link.6564-rc.read.1.tlog
d:\fakulteta za elektrotehniko\pkp 2017\koda\vs2012_implementation\usv\usv\x64\debug\link.6564-rc.write.1.tlog
d:\fakulteta za elektrotehniko\pkp 2017\koda\vs2012_implementation\usv\usv\x64\debug\link.6564.read.1.tlog
d:\fakulteta za elektrotehniko\pkp 2017\koda\vs2012_implementation\usv\usv\x64\debug\link.6564.write.1.tlog
d:\fakulteta za elektrotehniko\pkp 2017\koda\vs2012_implementation\usv\usv\x64\debug\link.6664-cvtres.read.1.tlog
d:\fakulteta za elektrotehniko\pkp 2017\koda\vs2012_implementation\usv\usv\x64\debug\link.6664-cvtres.write.1.tlog
d:\fakulteta za elektrotehniko\pkp 2017\koda\vs2012_implementation\usv\usv\x64\debug\link.6664-rc.read.1.tlog
d:\fakulteta za elektrotehniko\pkp 2017\koda\vs2012_implementation\usv\usv\x64\debug\link.6664-rc.write.1.tlog
d:\fakulteta za elektrotehniko\pkp 2017\koda\vs2012_implementation\usv\usv\x64\debug\link.6664.read.1.tlog
d:\fakulteta za elektrotehniko\pkp 2017\koda\vs2012_implementation\usv\usv\x64\debug\link.6664.write.1.tlog
d:\fakulteta za elektrotehniko\pkp 2017\koda\vs2012_implementation\usv\usv\x64\debug\link.6972-cvtres.read.1.tlog
d:\fakulteta za elektrotehniko\pkp 2017\koda\vs2012_implementation\usv\usv\x64\debug\link.6972-cvtres.write.1.tlog
d:\fakulteta za elektrotehniko\pkp 2017\koda\vs2012_implementation\usv\usv\x64\debug\link.6972-rc.read.1.tlog
d:\fakulteta za elektrotehniko\pkp 2017\koda\vs2012_implementation\usv\usv\x64\debug\link.6972-rc.write.1.tlog
d:\fakulteta za elektrotehniko\pkp 2017\koda\vs2012_implementation\usv\usv\x64\debug\link.6972.read.1.tlog
d:\fakulteta za elektrotehniko\pkp 2017\koda\vs2012_implementation\usv\usv\x64\debug\link.6972.write.1.tlog
d:\fakulteta za elektrotehniko\pkp 2017\koda\vs2012_implementation\usv\usv\x64\debug\link.7056-cvtres.read.1.tlog
d:\fakulteta za elektrotehniko\pkp 2017\koda\vs2012_implementation\usv\usv\x64\debug\link.7056-cvtres.write.1.tlog
d:\fakulteta za elektrotehniko\pkp 2017\koda\vs2012_implementation\usv\usv\x64\debug\link.7056-rc.read.1.tlog
d:\fakulteta za elektrotehniko\pkp 2017\koda\vs2012_implementation\usv\usv\x64\debug\link.7056-rc.write.1.tlog
d:\fakulteta za elektrotehniko\pkp 2017\koda\vs2012_implementation\usv\usv\x64\debug\link.7056.read.1.tlog
d:\fakulteta za elektrotehniko\pkp 2017\koda\vs2012_implementation\usv\usv\x64\debug\link.7056.write.1.tlog
d:\fakulteta za elektrotehniko\pkp 2017\koda\vs2012_implementation\usv\usv\x64\debug\link.7160-cvtres.read.1.tlog
d:\fakulteta za elektrotehniko\pkp 2017\koda\vs2012_implementation\usv\usv\x64\debug\link.7160-cvtres.write.1.tlog
d:\fakulteta za elektrotehniko\pkp 2017\koda\vs2012_implementation\usv\usv\x64\debug\link.7160-rc.read.1.tlog
d:\fakulteta za elektrotehniko\pkp 2017\koda\vs2012_implementation\usv\usv\x64\debug\link.7160-rc.write.1.tlog
d:\fakulteta za elektrotehniko\pkp 2017\koda\vs2012_implementation\usv\usv\x64\debug\link.7160.read.1.tlog
d:\fakulteta za elektrotehniko\pkp 2017\koda\vs2012_implementation\usv\usv\x64\debug\link.7160.write.1.tlog
d:\fakulteta za elektrotehniko\pkp 2017\koda\vs2012_implementation\usv\usv\x64\debug\link.command.1.tlog
d:\fakulteta za elektrotehniko\pkp 2017\koda\vs2012_implementation\usv\usv\x64\debug\link.read.1.tlog
d:\fakulteta za elektrotehniko\pkp 2017\koda\vs2012_implementation\usv\usv\x64\debug\link.write.1.tlog
d:\fakulteta za elektrotehniko\pkp 2017\koda\vs2012_implementation\usv\usv\x64\debug\usv.write.1.tlog
d:\fakulteta za elektrotehniko\pkp 2017\koda\vs2012_implementation\usv\usv\x64\debug\vc110.idb
d:\fakulteta za elektrotehniko\pkp 2017\koda\vs2012_implementation\usv\usv\x64\debug\vc110.pdb
d:\fakulteta za elektrotehniko\pkp 2017\koda\vs2012_implementation\usv\x64\debug\usv.pdb
d:\fakulteta za elektrotehniko\pkp 2017\koda\vs2012_implementation\usv\usv\x64\debug\usv.tlog\cl.command.1.tlog
d:\fakulteta za elektrotehniko\pkp 2017\koda\vs2012_implementation\usv\usv\x64\debug\usv.tlog\cl.read.1.tlog
d:\fakulteta za elektrotehniko\pkp 2017\koda\vs2012_implementation\usv\usv\x64\debug\usv.tlog\cl.write.1.tlog
d:\fakulteta za elektrotehniko\pkp 2017\koda\vs2012_implementation\usv\usv\x64\debug\usv.tlog\link-cvtres.read.1.tlog
d:\fakulteta za elektrotehniko\pkp 2017\koda\vs2012_implementation\usv\usv\x64\debug\usv.tlog\link-cvtres.write.1.tlog
d:\fakulteta za elektrotehniko\pkp 2017\koda\vs2012_implementation\usv\usv\x64\debug\usv.tlog\link-rc.read.1.tlog
d:\fakulteta za elektrotehniko\pkp 2017\koda\vs2012_implementation\usv\usv\x64\debug\usv.tlog\link-rc.write.1.tlog
d:\fakulteta za elektrotehniko\pkp 2017\koda\vs2012_implementation\usv\usv\x64\debug\usv.tlog\link.command.1.tlog
d:\fakulteta za elektrotehniko\pkp 2017\koda\vs2012_implementation\usv\usv\x64\debug\usv.tlog\link.read.1.tlog
d:\fakulteta za elektrotehniko\pkp 2017\koda\vs2012_implementation\usv\usv\x64\debug\usv.tlog\link.write.1.tlog
